<?xml version="1.0" encoding="UTF-8"?>
<testsuite xmlns:xsi="http://www.w3.org/2001/XMLSchema-instance" xsi:noNamespaceSchemaLocation="https://maven.apache.org/surefire/maven-surefire-plugin/xsd/surefire-test-report-3.0.xsd" version="3.0" name="TestSuite" time="31.408" tests="5" errors="0" skipped="0" failures="1">
  <properties>
    <property name="awt.toolkit" value="sun.lwawt.macosx.LWCToolkit"/>
    <property name="java.specification.version" value="12"/>
    <property name="sun.jnu.encoding" value="UTF-8"/>
    <property name="java.class.path" value="/Users/mounamukhargoswami/Coding/Workspace/cyborgAutomation/target/test-classes:/Users/mounamukhargoswami/Coding/Workspace/cyborgAutomation/target/classes:/Users/mounamukhargoswami/.m2/repository/io/cucumber/cucumber-java/4.7.2/cucumber-java-4.7.2.jar:/Users/mounamukhargoswami/.m2/repository/io/cucumber/cucumber-core/4.7.2/cucumber-core-4.7.2.jar:/Users/mounamukhargoswami/.m2/repository/io/cucumber/gherkin/5.1.0/gherkin-5.1.0.jar:/Users/mounamukhargoswami/.m2/repository/io/cucumber/tag-expressions/1.1.1/tag-expressions-1.1.1.jar:/Users/mounamukhargoswami/.m2/repository/io/cucumber/cucumber-expressions/7.0.2/cucumber-expressions-7.0.2.jar:/Users/mounamukhargoswami/.m2/repository/io/cucumber/datatable/1.1.14/datatable-1.1.14.jar:/Users/mounamukhargoswami/.m2/repository/io/cucumber/datatable-dependencies/1.1.14/datatable-dependencies-1.1.14.jar:/Users/mounamukhargoswami/.m2/repository/org/apiguardian/apiguardian-api/1.1.0/apiguardian-api-1.1.0.jar:/Users/mounamukhargoswami/.m2/repository/io/cucumber/cucumber-testng/4.7.2/cucumber-testng-4.7.2.jar:/Users/mounamukhargoswami/.m2/repository/org/testng/testng/7.0.0/testng-7.0.0.jar:/Users/mounamukhargoswami/.m2/repository/com/beust/jcommander/1.72/jcommander-1.72.jar:/Users/mounamukhargoswami/.m2/repository/org/seleniumhq/selenium/selenium-java/3.141.59/selenium-java-3.141.59.jar:/Users/mounamukhargoswami/.m2/repository/org/seleniumhq/selenium/selenium-api/3.141.59/selenium-api-3.141.59.jar:/Users/mounamukhargoswami/.m2/repository/org/seleniumhq/selenium/selenium-chrome-driver/3.141.59/selenium-chrome-driver-3.141.59.jar:/Users/mounamukhargoswami/.m2/repository/org/seleniumhq/selenium/selenium-edge-driver/3.141.59/selenium-edge-driver-3.141.59.jar:/Users/mounamukhargoswami/.m2/repository/org/seleniumhq/selenium/selenium-firefox-driver/3.141.59/selenium-firefox-driver-3.141.59.jar:/Users/mounamukhargoswami/.m2/repository/org/seleniumhq/selenium/selenium-ie-driver/3.141.59/selenium-ie-driver-3.141.59.jar:/Users/mounamukhargoswami/.m2/repository/org/seleniumhq/selenium/selenium-opera-driver/3.141.59/selenium-opera-driver-3.141.59.jar:/Users/mounamukhargoswami/.m2/repository/org/seleniumhq/selenium/selenium-remote-driver/3.141.59/selenium-remote-driver-3.141.59.jar:/Users/mounamukhargoswami/.m2/repository/org/seleniumhq/selenium/selenium-safari-driver/3.141.59/selenium-safari-driver-3.141.59.jar:/Users/mounamukhargoswami/.m2/repository/org/seleniumhq/selenium/selenium-support/3.141.59/selenium-support-3.141.59.jar:/Users/mounamukhargoswami/.m2/repository/net/bytebuddy/byte-buddy/1.8.15/byte-buddy-1.8.15.jar:/Users/mounamukhargoswami/.m2/repository/org/apache/commons/commons-exec/1.3/commons-exec-1.3.jar:/Users/mounamukhargoswami/.m2/repository/com/google/guava/guava/25.0-jre/guava-25.0-jre.jar:/Users/mounamukhargoswami/.m2/repository/com/google/code/findbugs/jsr305/1.3.9/jsr305-1.3.9.jar:/Users/mounamukhargoswami/.m2/repository/org/checkerframework/checker-compat-qual/2.0.0/checker-compat-qual-2.0.0.jar:/Users/mounamukhargoswami/.m2/repository/com/google/errorprone/error_prone_annotations/2.1.3/error_prone_annotations-2.1.3.jar:/Users/mounamukhargoswami/.m2/repository/com/google/j2objc/j2objc-annotations/1.1/j2objc-annotations-1.1.jar:/Users/mounamukhargoswami/.m2/repository/org/codehaus/mojo/animal-sniffer-annotations/1.14/animal-sniffer-annotations-1.14.jar:/Users/mounamukhargoswami/.m2/repository/com/squareup/okhttp3/okhttp/3.11.0/okhttp-3.11.0.jar:/Users/mounamukhargoswami/.m2/repository/com/squareup/okio/okio/1.14.0/okio-1.14.0.jar:/Users/mounamukhargoswami/.m2/repository/org/apache/poi/poi/4.1.0/poi-4.1.0.jar:/Users/mounamukhargoswami/.m2/repository/commons-codec/commons-codec/1.12/commons-codec-1.12.jar:/Users/mounamukhargoswami/.m2/repository/org/apache/commons/commons-collections4/4.3/commons-collections4-4.3.jar:/Users/mounamukhargoswami/.m2/repository/org/apache/commons/commons-math3/3.6.1/commons-math3-3.6.1.jar:"/>
    <property name="java.vm.vendor" value="Oracle Corporation"/>
    <property name="sun.arch.data.model" value="64"/>
    <property name="java.vendor.url" value="https://java.oracle.com/"/>
    <property name="os.name" value="Mac OS X"/>
    <property name="java.vm.specification.version" value="12"/>
    <property name="sun.java.launcher" value="SUN_STANDARD"/>
    <property name="user.country" value="US"/>
    <property name="sun.boot.library.path" value="/Library/Java/JavaVirtualMachines/jdk-12.0.1.jdk/Contents/Home/lib"/>
    <property name="sun.java.command" value="/Users/mounamukhargoswami/Coding/Workspace/cyborgAutomation/target/surefire/surefirebooter10436588971448868233.jar /Users/mounamukhargoswami/Coding/Workspace/cyborgAutomation/target/surefire 2019-09-23T21-31-57_903-jvmRun1 surefire6572164621597505988tmp surefire_0869737163687267976tmp"/>
    <property name="http.nonProxyHosts" value="local|*.local|169.254/16|*.169.254/16"/>
    <property name="jdk.debug" value="release"/>
    <property name="surefire.test.class.path" value="/Users/mounamukhargoswami/Coding/Workspace/cyborgAutomation/target/test-classes:/Users/mounamukhargoswami/Coding/Workspace/cyborgAutomation/target/classes:/Users/mounamukhargoswami/.m2/repository/io/cucumber/cucumber-java/4.7.2/cucumber-java-4.7.2.jar:/Users/mounamukhargoswami/.m2/repository/io/cucumber/cucumber-core/4.7.2/cucumber-core-4.7.2.jar:/Users/mounamukhargoswami/.m2/repository/io/cucumber/gherkin/5.1.0/gherkin-5.1.0.jar:/Users/mounamukhargoswami/.m2/repository/io/cucumber/tag-expressions/1.1.1/tag-expressions-1.1.1.jar:/Users/mounamukhargoswami/.m2/repository/io/cucumber/cucumber-expressions/7.0.2/cucumber-expressions-7.0.2.jar:/Users/mounamukhargoswami/.m2/repository/io/cucumber/datatable/1.1.14/datatable-1.1.14.jar:/Users/mounamukhargoswami/.m2/repository/io/cucumber/datatable-dependencies/1.1.14/datatable-dependencies-1.1.14.jar:/Users/mounamukhargoswami/.m2/repository/org/apiguardian/apiguardian-api/1.1.0/apiguardian-api-1.1.0.jar:/Users/mounamukhargoswami/.m2/repository/io/cucumber/cucumber-testng/4.7.2/cucumber-testng-4.7.2.jar:/Users/mounamukhargoswami/.m2/repository/org/testng/testng/7.0.0/testng-7.0.0.jar:/Users/mounamukhargoswami/.m2/repository/com/beust/jcommander/1.72/jcommander-1.72.jar:/Users/mounamukhargoswami/.m2/repository/org/seleniumhq/selenium/selenium-java/3.141.59/selenium-java-3.141.59.jar:/Users/mounamukhargoswami/.m2/repository/org/seleniumhq/selenium/selenium-api/3.141.59/selenium-api-3.141.59.jar:/Users/mounamukhargoswami/.m2/repository/org/seleniumhq/selenium/selenium-chrome-driver/3.141.59/selenium-chrome-driver-3.141.59.jar:/Users/mounamukhargoswami/.m2/repository/org/seleniumhq/selenium/selenium-edge-driver/3.141.59/selenium-edge-driver-3.141.59.jar:/Users/mounamukhargoswami/.m2/repository/org/seleniumhq/selenium/selenium-firefox-driver/3.141.59/selenium-firefox-driver-3.141.59.jar:/Users/mounamukhargoswami/.m2/repository/org/seleniumhq/selenium/selenium-ie-driver/3.141.59/selenium-ie-driver-3.141.59.jar:/Users/mounamukhargoswami/.m2/repository/org/seleniumhq/selenium/selenium-opera-driver/3.141.59/selenium-opera-driver-3.141.59.jar:/Users/mounamukhargoswami/.m2/repository/org/seleniumhq/selenium/selenium-remote-driver/3.141.59/selenium-remote-driver-3.141.59.jar:/Users/mounamukhargoswami/.m2/repository/org/seleniumhq/selenium/selenium-safari-driver/3.141.59/selenium-safari-driver-3.141.59.jar:/Users/mounamukhargoswami/.m2/repository/org/seleniumhq/selenium/selenium-support/3.141.59/selenium-support-3.141.59.jar:/Users/mounamukhargoswami/.m2/repository/net/bytebuddy/byte-buddy/1.8.15/byte-buddy-1.8.15.jar:/Users/mounamukhargoswami/.m2/repository/org/apache/commons/commons-exec/1.3/commons-exec-1.3.jar:/Users/mounamukhargoswami/.m2/repository/com/google/guava/guava/25.0-jre/guava-25.0-jre.jar:/Users/mounamukhargoswami/.m2/repository/com/google/code/findbugs/jsr305/1.3.9/jsr305-1.3.9.jar:/Users/mounamukhargoswami/.m2/repository/org/checkerframework/checker-compat-qual/2.0.0/checker-compat-qual-2.0.0.jar:/Users/mounamukhargoswami/.m2/repository/com/google/errorprone/error_prone_annotations/2.1.3/error_prone_annotations-2.1.3.jar:/Users/mounamukhargoswami/.m2/repository/com/google/j2objc/j2objc-annotations/1.1/j2objc-annotations-1.1.jar:/Users/mounamukhargoswami/.m2/repository/org/codehaus/mojo/animal-sniffer-annotations/1.14/animal-sniffer-annotations-1.14.jar:/Users/mounamukhargoswami/.m2/repository/com/squareup/okhttp3/okhttp/3.11.0/okhttp-3.11.0.jar:/Users/mounamukhargoswami/.m2/repository/com/squareup/okio/okio/1.14.0/okio-1.14.0.jar:/Users/mounamukhargoswami/.m2/repository/org/apache/poi/poi/4.1.0/poi-4.1.0.jar:/Users/mounamukhargoswami/.m2/repository/commons-codec/commons-codec/1.12/commons-codec-1.12.jar:/Users/mounamukhargoswami/.m2/repository/org/apache/commons/commons-collections4/4.3/commons-collections4-4.3.jar:/Users/mounamukhargoswami/.m2/repository/org/apache/commons/commons-math3/3.6.1/commons-math3-3.6.1.jar:"/>
    <property name="sun.cpu.endian" value="little"/>
    <property name="user.home" value="/Users/mounamukhargoswami"/>
    <property name="user.language" value="en"/>
    <property name="java.specification.vendor" value="Oracle Corporation"/>
    <property name="java.version.date" value="2019-04-16"/>
    <property name="java.home" value="/Library/Java/JavaVirtualMachines/jdk-12.0.1.jdk/Contents/Home"/>
    <property name="file.separator" value="/"/>
    <property name="basedir" value="/Users/mounamukhargoswami/Coding/Workspace/cyborgAutomation"/>
    <property name="java.vm.compressedOopsMode" value="Zero based"/>
    <property name="line.separator" value="&#10;"/>
    <property name="java.specification.name" value="Java Platform API Specification"/>
    <property name="java.vm.specification.vendor" value="Oracle Corporation"/>
    <property name="java.awt.graphicsenv" value="sun.awt.CGraphicsEnvironment"/>
    <property name="surefire.real.class.path" value="/Users/mounamukhargoswami/Coding/Workspace/cyborgAutomation/target/surefire/surefirebooter10436588971448868233.jar"/>
    <property name="sun.management.compiler" value="HotSpot 64-Bit Tiered Compilers"/>
    <property name="ftp.nonProxyHosts" value="local|*.local|169.254/16|*.169.254/16"/>
    <property name="java.runtime.version" value="12.0.1+12"/>
    <property name="user.name" value="mounamukhargoswami"/>
    <property name="path.separator" value=":"/>
    <property name="os.version" value="10.14.6"/>
    <property name="java.runtime.name" value="Java(TM) SE Runtime Environment"/>
    <property name="file.encoding" value="UTF-8"/>
    <property name="java.vm.name" value="Java HotSpot(TM) 64-Bit Server VM"/>
    <property name="localRepository" value="/Users/mounamukhargoswami/.m2/repository"/>
    <property name="java.vendor.url.bug" value="https://bugreport.java.com/bugreport/"/>
    <property name="java.io.tmpdir" value="/var/folders/z8/xff0jmgn6jsctn4934pr7tlr0000gn/T/"/>
    <property name="java.version" value="12.0.1"/>
    <property name="user.dir" value="/Users/mounamukhargoswami/Coding/Workspace/cyborgAutomation"/>
    <property name="os.arch" value="x86_64"/>
    <property name="java.vm.specification.name" value="Java Virtual Machine Specification"/>
    <property name="java.library.path" value="/Users/mounamukhargoswami/Library/Java/Extensions:/Library/Java/Extensions:/Network/Library/Java/Extensions:/System/Library/Java/Extensions:/usr/lib/java:."/>
    <property name="java.vm.info" value="mixed mode, sharing"/>
    <property name="java.vendor" value="Oracle Corporation"/>
    <property name="java.vm.version" value="12.0.1+12"/>
    <property name="sun.io.unicode.encoding" value="UnicodeBig"/>
    <property name="socksNonProxyHosts" value="local|*.local|169.254/16|*.169.254/16"/>
    <property name="java.class.version" value="56.0"/>
  </properties>
  <testcase name="runScenario" classname="com.qa.runner.testRunner" time="10.437">
    <failure message="stale element reference: element is not attached to the page document&#10;  (Session info: chrome=77.0.3865.90)&#10;For documentation on this error, please visit: https://www.seleniumhq.org/exceptions/stale_element_reference.html&#10;Build info: version: &apos;3.141.59&apos;, revision: &apos;e82be7d358&apos;, time: &apos;2018-11-14T08:17:03&apos;&#10;System info: host: &apos;MounamukharsMBP.fios-router.home&apos;, ip: &apos;fe80:0:0:0:10c2:2656:4a58:3b46%en0&apos;, os.name: &apos;Mac OS X&apos;, os.arch: &apos;x86_64&apos;, os.version: &apos;10.14.6&apos;, java.version: &apos;12.0.1&apos;&#10;Driver info: org.openqa.selenium.chrome.ChromeDriver&#10;Capabilities {acceptInsecureCerts: false, browserName: chrome, browserVersion: 77.0.3865.90, chrome: {chromedriverVersion: 76.0.3809.126 (d80a294506b4..., userDataDir: /var/folders/z8/xff0jmgn6js...}, goog:chromeOptions: {debuggerAddress: localhost:51769}, javascriptEnabled: true, networkConnectionEnabled: false, pageLoadStrategy: normal, platform: MAC, platformName: MAC, proxy: Proxy(), setWindowRect: true, strictFileInteractability: false, timeouts: {implicit: 0, pageLoad: 300000, script: 30000}, unhandledPromptBehavior: dismiss and notify}&#10;Session ID: 1edcf23685c1124b2405ddd6cc9233c1" type="org.openqa.selenium.StaleElementReferenceException">org.openqa.selenium.StaleElementReferenceException: 
stale element reference: element is not attached to the page document
  (Session info: chrome=77.0.3865.90)
For documentation on this error, please visit: https://www.seleniumhq.org/exceptions/stale_element_reference.html
Build info: version: '3.141.59', revision: 'e82be7d358', time: '2018-11-14T08:17:03'
System info: host: 'MounamukharsMBP.fios-router.home', ip: 'fe80:0:0:0:10c2:2656:4a58:3b46%en0', os.name: 'Mac OS X', os.arch: 'x86_64', os.version: '10.14.6', java.version: '12.0.1'
Driver info: org.openqa.selenium.chrome.ChromeDriver
Capabilities {acceptInsecureCerts: false, browserName: chrome, browserVersion: 77.0.3865.90, chrome: {chromedriverVersion: 76.0.3809.126 (d80a294506b4..., userDataDir: /var/folders/z8/xff0jmgn6js...}, goog:chromeOptions: {debuggerAddress: localhost:51769}, javascriptEnabled: true, networkConnectionEnabled: false, pageLoadStrategy: normal, platform: MAC, platformName: MAC, proxy: Proxy(), setWindowRect: true, strictFileInteractability: false, timeouts: {implicit: 0, pageLoad: 300000, script: 30000}, unhandledPromptBehavior: dismiss and notify}
Session ID: 1edcf23685c1124b2405ddd6cc9233c1
</failure>
    <system-out><![CDATA[I RUN ONLY ONCE. BEFORE SUITE.
BEFORE method:/Users/mounamukhargoswami/Coding/Workspace/cyborgAutomation
BEFORE method:/Users/mounamukhargoswami/Coding/Workspace/cyborgAutomation
Running WHEN - Amazon
Running WHEN - Amazon
AFTER method.
FAILED: Failed in product search.
AFTER method.
]]></system-out>
    <system-err><![CDATA[SStarttartingi nCg ChhromeDrivroer 7m6eDriver 76.0.3809.126 (d80a294506b4.0.3809.126 (d80a294506b4c9d18015e75c9d18015e755cee5c4ee48f953ddc3f2f-r8efs/branch-heads/3809@{#1024}) on port 29359
Only locf953ddc3fa2f-refl connections are allowed.
Please protecst ports used by Chr/branch-heads/3809@{#1o0meDriver and related test frameworks to prevent access by malicious code.
24}) on port 13474
Only local connections are allowed.
Please protect ports used by ChromeDriver and related test frameworks to prevent access by malicious code.
[1569288721.870][WARNING]: This version of ChromeDriver has not been tested with Chrome version 77.
[1569288721.870][WARNING]: This version of ChromeDriver has not been tested with Chrome version 77.
[1569288721.947][WARNING]: This version of ChromeDriver has not been tested with Chrome version 77.
[1569288721.957][WARNING]: This version of ChromeDriver has not been tested with Chrome version 77.
Sep 23, 2019 9:32:02 PM org.openqa.selenium.remote.ProtocolHandshake createSession
INFO: Detected dialect: W3C
Sep 23, 2019 9:32:02 PM org.openqa.selenium.remote.ProtocolHandshake createSession
INFO: Detected dialect: W3C
]]></system-err>
  </testcase>
  <testcase name="runScenario" classname="com.qa.runner.testRunner" time="0.221"/>
  <testcase name="runScenario" classname="com.qa.runner.testRunner" time="10.414"/>
  <testcase name="runScenario" classname="com.qa.runner.testRunner" time="5.719"/>
  <testcase name="runScenario" classname="com.qa.runner.testRunner" time="9.177"/>
</testsuite>