<?xml version="1.0" encoding="UTF-8"?>
<!-- Generated by org.testng.reporters.JUnitReportReporter -->
<testsuite hostname="MounamukharsMBP.fios-router.home" failures="0" tests="2" name="com.qa.runner.testRunner" time="22.943" errors="0" timestamp="2019-09-21T22:28:58 EDT" skipped="0">
  <testcase classname="com.qa.runner.testRunner" name="runScenario" time="5.322"/>
  <testcase classname="com.qa.runner.testRunner" name="runScenario" time="17.621"/>
</testsuite> <!-- com.qa.runner.testRunner -->
