<?xml version="1.0" encoding="UTF-8"?>
<!-- Generated by org.testng.reporters.JUnitReportReporter -->
<testsuite hostname="MounamukharsMBP.fios-router.home" failures="0" tests="1" name="com.qa.runner.testRunner" time="0.128" errors="0" timestamp="2019-09-19T21:33:35 EDT" skipped="0">
  <testcase classname="com.qa.runner.testRunner" name="runScenario" time="0.128"/>
</testsuite> <!-- com.qa.runner.testRunner -->
