<?xml version="1.0" encoding="UTF-8"?>
<!-- Generated by org.testng.reporters.JUnitReportReporter -->
<testsuite hostname="MounamukharsMBP.fios-router.home" failures="0" tests="5" name="com.qa.runner.testRunner" time="78.306" errors="0" timestamp="2019-09-23T00:00:13 EDT" skipped="0">
  <testcase classname="com.qa.runner.testRunner" name="runScenario" time="22.246"/>
  <testcase classname="com.qa.runner.testRunner" name="runScenario" time="6.508"/>
  <testcase classname="com.qa.runner.testRunner" name="runScenario" time="19.485"/>
  <testcase classname="com.qa.runner.testRunner" name="runScenario" time="15.554"/>
  <testcase classname="com.qa.runner.testRunner" name="runScenario" time="14.513"/>
</testsuite> <!-- com.qa.runner.testRunner -->
