<?xml version="1.0" encoding="UTF-8"?>
<!-- Generated by org.testng.reporters.JUnitReportReporter -->
<testsuite hostname="MounamukharsMBP.fios-router.home" failures="0" tests="1" name="com.qa.runner.testRunner" time="2.997" errors="0" timestamp="2019-09-19T23:46:52 EDT" skipped="0">
  <testcase classname="com.qa.runner.testRunner" name="runScenario" time="2.997"/>
</testsuite> <!-- com.qa.runner.testRunner -->
